<?xml version="1.0" encoding="UTF-8"?>
<!-- Generated by org.testng.reporters.JUnitReportReporter -->
<testsuite skipped="0" hostname="DESKTOP-N3AHVLM" name="InitiateTests.inittt" tests="1" failures="0" timestamp="26 Jul 2020 06:37:16 GMT" time="15.393" errors="0">
  <testcase name="launchDriver" time="15.393" classname="InitiateTests.inittt"/>
</testsuite> <!-- InitiateTests.inittt -->
