<?xml version="1.0" encoding="UTF-8"?>
<!-- Generated by org.testng.reporters.JUnitReportReporter -->
<testsuite skipped="0" hostname="DESKTOP-N3AHVLM" name="Tests.redbustest" tests="2" failures="0" timestamp="06 Aug 2020 07:27:20 GMT" time="55.798" errors="0">
  <testcase name="bookticket" time="34.171" classname="Tests.redbustest"/>
  <testcase name="checkTitle" time="21.627" classname="Tests.redbustest"/>
</testsuite> <!-- Tests.redbustest -->
